Mplus VERSION 8.10
MUTHEN & MUTHEN
02/15/2024   7:22 AM

INPUT INSTRUCTIONS

  DATA:
  FILE = "model6_longcog_63594e4b82b233f8270223097fa4ee93.dat";
   VARIANCES = NOCHECK;
  VARIABLE:
  NAMES = mplusid vddr vdbc vdda vdnm vds7 yrsfu FWGTR SECU_R STRATUM k;
   MISSING=.;
   WEIGHT = FWGTR;
                CLUSTER = SECU_R mplusid;
                STRATIFICATION = STRATUM;
                CATEGORICAL = vdbc vdda vdnm vds7;
                WITHIN = yrsfu k;
                WTSCALE = UNSCALED;
  ANALYSIS:
  ESTIMATOR = MLR;
                LINK = PROBIT;
                TYPE = COMPLEX TWOLEVEL RANDOM;
                MITERATIONS = 2000;
  MODEL:
  %WITHIN%
             GCP BY vddr@1.216 vdbc vdda vdnm vds7;
             s | GCP on yrsfu;
             i | GCP on k;
             %BETWEEN%
             i with s;
             vddr-vds7@0;
             [vddr@3.817];
  OUTPUT:
  TECH4; SVALUES;



*** WARNING
  One or more individual-level variables have no variation within a
  cluster for the following clusters.

     Variable   Cluster IDs with no within-cluster variation

      VDBC        99 282 325 383 510 593 784 828 1013 1014 1031 1058 1115 1118 1257 1327 1495
                  1640 1873 2043 2054 2060 2130 2261 2292 164 1836 1015 1046 202 203 75 1280 1751
                  137 2024 888 1294 1305 1343 152 505 991 906 910 1542 959 29 1005 992 101 200
                  1868 125 1979 2144 37 1255 441 229 238 710 759 259 262 263 826 866 877 289 932
                  974 1023 1139 1197 1307 1322 1328 434 1410 1429 1437 1462 1465 1507 1545 22
                  1743 1866 2019 2055 642 654 2249 2283 2290 2266
      VDDA        99 282 325 383 510 593 828 1013 1014 1058 1115 1118 1257 1495 1640 1873 2043
                  2054 2060 2130 2261 2292 164 1836 1015 1046 202 203 75 1280 1751 137 2024 888
                  1294 1305 1343 152 505 991 906 910 1542 959 29 992 101 200 1868 125 1979 2144
                  37 1255 441 229 238 710 759 259 262 263 826 866 877 289 932 974 1023 1139 1197
                  1307 1322 1328 434 1410 1429 1437 1462 1507 1545 1743 1866 2019 2055 2198 642
                  654 2249 2283 2290 2175
      VDNM        46 99 282 325 383 510 593 636 828 988 1013 1014 1031 1058 1115 1118 1202 1257
                  1338 1495 1640 1873 1969 2043 2054 2060 2130 2261 2292 164 340 1836 1015 1046
                  202 203 75 1184 1280 644 1649 1751 137 2024 2071 888 1294 1305 1343 152 838
                  505 991 906 910 1542 959 29 560 992 101 200 1868 125 1979 2144 37 1255 441 229
                  238 710 759 259 262 263 826 866 877 289 932 974 1023 1139 1197 1307 1322 1328
                  434 1410 455 1429 1437 1462 1465 1507 1545 168 22 1743 1866 2019 2055 624 2207
                  642 654 2249 2283 2290 451 1491 982 1652 2175 2266 829 1205 1315 1358 498 79
                  603 30
      VDS7        46 77 99 131 174 175 214 218 220 234 282 325 383 447 510 557 586 593 596 632
                  705 729 784 828 840 953 956 988 1004 1009 1013 1014 1017 1021 1031 1039 1058
                  1064 1115 1118 1128 1202 1257 1304 1316 1318 1327 1338 1399 1416 1423 1495 1566
                  1640 1679 1691 1707 1731 1739 1756 1873 1914 1969 2043 2054 2060 2115 2130 2203
                  2261 2292 164 67 1836 1015 450 1041 1046 202 1060 203 525 1093 1143 75 47 1184
                  110 1256 1274 1280 1281 1329 1356 644 668 291 1649 1670 1700 305 314 738 743
                  1751 137 1816 789 2024 2071 2087 888 2116 2141 2142 2210 2238 2239 2241 2260
                  1294 1305 147 1343 152 505 991 906 910 1542 521 1606 943 959 17 29 1005 992
                  327 101 200 1868 1069 125 1979 381 2047 1177 2121 2144 37 1255 441 229 238 710
                  759 259 262 263 826 866 877 289 932 960 974 1023 1026 341 1139 1197 1307 1322
                  1328 431 434 1365 1410 1429 1437 1462 1465 1507 1545 1567 1587 1610 168 22 1743
                  1833 1866 1900 569 2019 2055 604 2061 624 2158 2198 2207 642 654 2249 2273 2283
                  2287 2290 55 1068 647 648 494 2070 451 1165 1171 1421 2138 2168 2181 726 2257
                  63 1324 923 939 944 307 934 318 121 1119 1254 1330 290 1605 1622 1733 1790 2048
                  2166 2175 1382 222 2266 231 285 896 917 3 950 990 1012 1018 336 1053 1065 122
                  358 1111 362 1127 676 372 1175 1178 1180 1188 1204 1210 387 388 1253 1303 1306
                  1308 1312 1315 145 1341 1358 1363 1368 148 742 1498 1504 1522 1560 66 1603 498
                  1722 532 533 1768 1770 545 1830 1907 1921 1931 1934 1935 1936 1937 2004 2006
                  2007 2021 2035 2051 2076 2093 2100 2108 208 2150 2156 2157 2160 2167 2170 2174
                  2178 2180 2182 2184 2185 2191 2204 2236 2247 669

*** WARNING in OUTPUT command
  TECH4 option is only available for TYPE=TWOLEVEL RANDOM with ESTIMATOR=BAYES.
  Request for TECH4 is ignored.
*** WARNING
  Data set contains cases with missing on all variables except
  x-variables.  These cases were not included in the analysis.
  Number of cases with missing on all variables except x-variables:  298
   3 WARNING(S) FOUND IN THE INPUT INSTRUCTIONS




SUMMARY OF ANALYSIS

Number of groups                                                 1
Number of observations                                        7627

Number of dependent variables                                    5
Number of independent variables                                  2
Number of continuous latent variables                            3

Observed dependent variables

  Continuous
   VDDR

  Binary and ordered categorical (ordinal)
   VDBC        VDDA        VDNM        VDS7

Observed independent variables
   YRSFU       K

Continuous latent variables
   GCP         S           I

Variables with special functions

  Stratification        STRATUM
  Cluster variables     SECU_R    MPLUSID
  Weight variable (unscaled)
    FWGTR

  Within variables
   YRSFU       K


Estimator                                                      MLR
Information matrix                                        OBSERVED
Optimization Specifications for the Quasi-Newton Algorithm for
Continuous Outcomes
  Maximum number of iterations                                 100
  Convergence criterion                                  0.100D-05
Optimization Specifications for the EM Algorithm
  Maximum number of iterations                                2000
  Convergence criteria
    Loglikelihood change                                 0.100D-02
    Relative loglikelihood change                        0.100D-05
    Derivative                                           0.100D-02
Optimization Specifications for the M step of the EM Algorithm for
Categorical Latent variables
  Number of M step iterations                                    1
  M step convergence criterion                           0.100D-02
  Basis for M step termination                           ITERATION
Optimization Specifications for the M step of the EM Algorithm for
Censored, Binary or Ordered Categorical (Ordinal), Unordered
Categorical (Nominal) and Count Outcomes
  Number of M step iterations                                    1
  M step convergence criterion                           0.100D-02
  Basis for M step termination                           ITERATION
  Maximum value for logit thresholds                            10
  Minimum value for logit thresholds                           -10
  Minimum expected cell size for chi-square              0.100D-01
Maximum number of iterations for H1                           2000
Convergence criterion for H1                             0.100D-03
Optimization algorithm                                         EMA
Integration Specifications
  Type                                                    STANDARD
  Number of integration points                                  15
  Dimensions of numerical integration                            3
  Adaptive quadrature                                           ON
Link                                                        PROBIT
Cholesky                                                        ON

Input data file(s)
  model6_longcog_63594e4b82b233f8270223097fa4ee93.dat
Input data format  FREE


SUMMARY OF DATA

     Number of missing data patterns            23
     Number of y missing data patterns           2
     Number of u missing data patterns          14


COVARIANCE COVERAGE OF DATA

Minimum covariance coverage value   0.100


     PROPORTION OF DATA PRESENT


           Covariance Coverage
              VDBC          VDDA          VDNM          VDS7          VDDR
              ________      ________      ________      ________      ________
 VDBC           0.954
 VDDA           0.948         0.958
 VDNM           0.869         0.873         0.876
 VDS7           0.771         0.771         0.725         0.773
 VDDR           0.949         0.951         0.871         0.770         0.993
 YRSFU          0.954         0.958         0.876         0.773         0.993
 K              0.954         0.958         0.876         0.773         0.993


           Covariance Coverage
              YRSFU         K
              ________      ________
 YRSFU          1.000
 K              1.000         1.000


     PROPORTION OF DATA PRESENT FOR U


           Covariance Coverage
              VDBC          VDDA          VDNM          VDS7
              ________      ________      ________      ________
 VDBC           0.954
 VDDA           0.948         0.958
 VDNM           0.869         0.873         0.876
 VDS7           0.771         0.771         0.725         0.773


     PROPORTION OF DATA PRESENT FOR Y


           Covariance Coverage
              VDDR          YRSFU         K
              ________      ________      ________
 VDDR           0.993
 YRSFU          0.993         1.000
 K              0.993         1.000         1.000


UNIVARIATE PROPORTIONS AND COUNTS FOR CATEGORICAL VARIABLES

    VDBC
      Category 1    0.045      1139634.000
      Category 2    0.955     24224344.000
    VDDA
      Category 1    0.006       158107.000
      Category 2    0.019       483218.000
      Category 3    0.157      4012241.000
      Category 4    0.817     20830156.000
    VDNM
      Category 1    0.020       473578.000
      Category 2    0.113      2609235.000
      Category 3    0.867     20079887.000
    VDS7
      Category 1    0.029       593403.000
      Category 2    0.106      2147937.000
      Category 3    0.112      2269389.000
      Category 4    0.093      1882611.000
      Category 5    0.143      2904449.000
      Category 6    0.518     10516093.000



UNIVARIATE SAMPLE STATISTICS


     UNIVARIATE HIGHER-ORDER MOMENT DESCRIPTIVE STATISTICS

         Variable/         Mean/     Skewness/   Minimum/ % with                Percentiles
        Sample Size      Variance    Kurtosis    Maximum  Min/Max      20%/60%    40%/80%    Median

     VDDR                  3.814      -0.094       0.000   11.91%       2.000      3.000      4.000
            7572.000       4.672      -0.354      10.000    0.46%       5.000      6.000
     YRSFU                 2.659       0.217       0.000   30.09%       0.000      2.000      2.000
            7627.000       4.931      -1.303       6.000   20.51%       4.000      6.000
     K                     1.000       0.000       1.000  100.00%       1.000      1.000      1.000
            7627.000       0.000       0.000       1.000  100.00%       1.000      1.000

     THE MODEL ESTIMATION DID NOT TERMINATE NORMALLY DUE TO A NON-ZERO
     DERIVATIVE OF THE OBSERVED-DATA LOGLIKELIHOOD.

     THE MCONVERGENCE CRITERION OF THE EM ALGORITHM IS NOT FULFILLED.
     CHECK YOUR STARTING VALUES OR INCREASE THE NUMBER OF MITERATIONS.
     ESTIMATES CANNOT BE TRUSTED.  THE LOGLIKELIHOOD DERIVATIVE
     FOR THE FOLLOWING PARAMETER IS  0.33474005D+02:
     Parameter 5, %WITHIN%: VDDR


     WARNING:  THE SAMPLE COVARIANCE OF THE INDEPENDENT VARIABLES IS SINGULAR.






MODEL RESULTS

                    Estimate

Within Level

 GCP      BY
    VDDR               1.216
    VDBC               0.310
    VDDA               0.252
    VDNM               0.346
    VDS7               0.173

 Residual Variances
    VDDR               1.377
    GCP                0.000

Between Level

 I        WITH
    S                 -0.452

 Means
    VDDR               3.817
    S                 -0.030
    I                  0.000

 Thresholds
    VDBC$1            -1.856
    VDDA$1            -2.737
    VDDA$2            -2.097
    VDDA$3            -0.940
    VDNM$1            -2.281
    VDNM$2            -1.185
    VDS7$1            -1.902
    VDS7$2            -1.083
    VDS7$3            -0.651
    VDS7$4            -0.371
    VDS7$5             0.011

 Variances
    VDBC               0.000
    VDDA               0.000
    VDNM               0.000
    VDS7               0.000
    VDDR               0.000
    S                  0.486
    I                  3.131


MODEL COMMAND WITH FINAL ESTIMATES USED AS STARTING VALUES

     %WITHIN%

     s | gcp ON yrsfu;
     i | gcp ON k;

     gcp BY vddr@1.21600;
     gcp BY vdbc*0.31002;
     gcp BY vdda*0.25200;
     gcp BY vdnm*0.34604;
     gcp BY vds7*0.17334;

     vddr*1.37709;
     gcp*0.00037;

     %BETWEEN%

     i WITH s*-0.45226;

     [ vddr@3.81700 ];
     [ s*-0.02955 ];
     [ i*-0.00031 ];

     [ vdbc$1*-1.85600 ];
     [ vdda$1*-2.73659 ];
     [ vdda$2*-2.09684 ];
     [ vdda$3*-0.93990 ];
     [ vdnm$1*-2.28051 ];
     [ vdnm$2*-1.18505 ];
     [ vds7$1*-1.90202 ];
     [ vds7$2*-1.08343 ];
     [ vds7$3*-0.65133 ];
     [ vds7$4*-0.37119 ];
     [ vds7$5*0.01087 ];

     vdbc@0;
     vdda@0;
     vdnm@0;
     vds7@0;
     vddr@0;
     s*0.48646;
     i*3.13067;



     Beginning Time:  07:22:34
        Ending Time:  17:27:13
       Elapsed Time:  10:04:39



MUTHEN & MUTHEN
3463 Stoner Ave.
Los Angeles, CA  90066

Tel: (310) 391-9971
Fax: (310) 391-8971
Web: www.StatModel.com
Support: Support@StatModel.com

Copyright (c) 1998-2023 Muthen & Muthen
