Mplus VERSION 8.10
MUTHEN & MUTHEN
02/13/2024   5:06 PM

INPUT INSTRUCTIONS

  DATA:
  FILE = "model3_baselinemeanstructure_0d538146f11bc40eb8c2831ec41188b5.dat";

  VARIABLE:
  NAMES = mplusid vddr vdbc vdda vdnm vds7;
   MISSING=.;
   CLUSTER = mplusid;
                CATEGORICAL = vdbc vdda vdnm vds7;
  ANALYSIS:
  ESTIMATOR = MLR;
                LINK = PROBIT;
                TYPE = TWOLEVEL;
  MODEL:
  %WITHIN%
             GCP BY vddr@1.216 vdbc vdda vdnm vds7;
             GCP*;
             %BETWEEN%
             [vddr@3.817];
  OUTPUT:
  TECH4; SVALUES;



*** WARNING in MODEL command
  A y-variable has been declared on the within level but not referred to on
  the between level.  Please check that this is what is intended.  If this is not intended,
  specify the variable as a within variable.  Problem with:  VDBC
*** WARNING in MODEL command
  A y-variable has been declared on the within level but not referred to on
  the between level.  Please check that this is what is intended.  If this is not intended,
  specify the variable as a within variable.  Problem with:  VDDA
*** WARNING in MODEL command
  A y-variable has been declared on the within level but not referred to on
  the between level.  Please check that this is what is intended.  If this is not intended,
  specify the variable as a within variable.  Problem with:  VDNM
*** WARNING in MODEL command
  A y-variable has been declared on the within level but not referred to on
  the between level.  Please check that this is what is intended.  If this is not intended,
  specify the variable as a within variable.  Problem with:  VDS7
*** WARNING
  One or more individual-level variables have no variation within a
  cluster for the following clusters.

     Variable   Cluster IDs with no within-cluster variation

      VDBC        99 282 325 383 510 593 784 828 1013 1014 1031 1058 1115 1118 1257 1327 1495
                  1640 1873 2043 2054 2060 2130 2261 2292 164 1836 1008 418 183 185 1015 450 1024
                  1030 457 1036 468 469 470 1041 1046 1047 202 506 1060 203 1066 512 1079 1093
                  1094 526 1108 1112 23 549 105 564 1143 1144 1145 75 1158 47 1184 110 1193 578
                  584 1226 111 1228 1237 1246 1256 592 235 1273 1280 1281 1282 1285 1290 50 244
                  600 601 607 608 1329 617 1339 1345 1347 1351 1354 1357 622 1372 1381 630 118
                  1401 1402 1405 644 278 655 1430 1431 1474 666 281 24 1508 1518 1535 688 1556
                  291 1574 1583 700 1612 295 716 1651 1664 1670 1676 719 1682 1685 300 314 738
                  1710 1711 743 746 747 1748 1750 1751 137 1771 1774 1775 1789 762 763 1804 1810
                  1812 773 1816 1818 774 775 1864 1865 321 789 790 143 1920 334 1945 1957 93 1973
                  355 1992 1994 2017 2024 859 2044 861 865 2087 367 2101 2102 2103 888 2116 902
                  2142 2149 903 2169 2172 2173 2186 2192 369 947 2226 2227 2228 2233 2238 2239
                  2241 969 2260 371 2267 165 1294 57 1305 147 1343 152 480 505 1471 991 906 910
                  1542 931 1606 943 1668 959 1683 17 29 1732 1005 560 992 997 33 101 200 1007
                  1868 1069 125 1947 1979 381 675 2047 1152 2095 1177 2144 37 1255 2259 441 2269
                  2279 2281 229 238 710 723 759 767 259 262 263 826 866 877 289 897 932 937 960
                  974 43 1023 1026 1043 1089 1139 1156 1197 1229 1307 1322 1328 1346 431 434 1410
                  1429 1437 1462 1465 1507 1545 1610 1618 1645 22 1743 1833 186 1866 1900 2019
                  2055 612 624 2158 2207 642 654 2249 2283 2287 2290 199 837 1820 1822 1389 55
                  1853 363 364 1862 621 204 1390 368 1878 1068 1394 205 1918 124 1925 1926 761
                  127 1942 56 488 647 1953 1956 648 377 1110 843 1985 657 659 1121 1995 2000 2001
                  852 384 1407 494 1415 2053 680 2056 2070 394 499 685 451 2098 1171 1173 2117
                  2120 400 2136 2137 2138 1186 402 2143 878 403 2159 703 1203 135 706 707 2181
                  713 2187 1230 2194 1231 879 2213 1245 2222 416 720 9 721 1259 417 2245 2257
                  509 1275 2263 440 1432 1324 890 2278 1483 2291 1284 1484 233 251 892 1332 71
                  745 162 1511 751 1519 809 819 1534 908 1287 870 1342 915 1302 261 938 939 957
                  1582 934 318 1585 1002 1592 935 1600 271 936 471 1631 1633 379 1194 522 1216
                  386 524 1254 951 1659 1330 1335 760 792 290 530 795 72 459 1355 798 1452 541
                  1694 542 1533 1537 171 1580 989 1605 1608 553 1622 497 1724 803 500 502 1652
                  558 1364 1733 1735 479 561 306 1759 587 1760 1763 2048 113 481 2058 2080 831
                  2106 2112 619 1778 323 2166 2196 1791 1382 1028 2215 2230 1386 188 660 2266
                  1809 338 482 189 817 818 820 821 822 823 824 825 672 827 273 829 830 832 834
                  835 275 276 34 839 35 841 842 279 690 845 846 847 848 280 850 851 100 854 855
                  857 36 860 283 863 864 284 691 867 868 869 692 871 872 873 875 876 693 11 287
                  882 883 884 886 887 288 889 103 38 893 894 292 695 696 899 900 901 293 294 904
                  905 39 907 296 909 297 912 913 914 697 298 917 918 919 920 921 922 924 925 926
                  928 929 299 40 673 301 3 701 702 940 941 942 304 32 945 946 107 108 949 950
                  704 952 308 309 955 310 236 958 311 237 961 962 674 964 967 313 970 971 972
                  41 975 976 977 315 979 981 983 984 985 317 709 990 319 42 993 994 995 996 86
                  998 999 1000 1001 711 1003 322 112 1006 324 44 326 712 1012 114 328 329 1016
                  330 1018 1020 331 1022 89 332 1025 714 333 1029 12 335 1032 1033 1034 1035 1037
                  337 116 339 117 1042 715 1044 1045 240 1048 1049 1050 1051 1052 1053 1054 343
                  1057 344 345 1062 717 346 1065 347 1067 348 349 1070 1071 1072 350 1074 1075
                  1076 1077 1078 351 1080 352 1082 1083 1084 1085 1086 1087 1088 718 1092 13 14
                  1095 1096 48 90 1099 1100 1101 1102 1104 1105 1106 1107 122 1109 358 359 1113
                  1114 360 1117 242 1120 362 1123 1124 91 1126 1127 49 1129 1130 1132 1133 365
                  1135 1136 1137 1138 722 1140 1141 366 15 126 1146 1147 1149 128 129 1153 1154
                  1155 676 1157 1159 1160 1161 1162 1164 130 1166 1167 1168 1170 374 375 16 1174
                  1175 1176 4 1178 1179 1180 1183 54 1185 724 1187 1188 1189 1190 380 1192 134
                  725 1195 1196 227 1198 1199 1200 1201 382 18 1206 1207 1208 1209 1210 136 1214
                  727 1217 1218 1219 1220 1221 1222 1223 1225 385 728 387 245 388 389 1232 1234
                  1235 1236 390 1238 1239 1240 1241 1242 1243 1244 391 392 1247 1248 1249 393
                  1252 1253 246 19 395 396 1258 397 1260 398 1262 1263 1264 1265 1266 1267 1268
                  1270 1271 1272 399 138 401 1277 1278 1279 139 140 404 1283 141 1286 407 1288
                  1289 408 1291 1293 410 1296 1297 411 1300 142 1303 413 414 1306 247 1308 1309
                  1310 1313 415 732 733 1319 1320 1321 734 1323 144 1326 145 735 419 736 58 1333
                  1334 737 421 422 423 424 1340 425 426 1344 59 248 428 429 1349 430 739 1353
                  432 433 740 435 1359 1360 1362 436 741 1366 437 1368 1369 1370 1371 438 1374
                  1375 1376 1377 439 1380 148 149 1383 1384 1385 443 444 445 446 1391 1392 1393
                  1395 1396 1397 1398 448 1400 449 60 61 1404 452 1406 453 1408 1409 1411 62 1413
                  678 154 1417 1418 155 1420 458 744 460 1424 1425 1426 461 1428 679 462 464 1433
                  1434 1435 1436 250 1438 1439 1440 1441 1442 1444 1446 1447 1448 1449 1450 1451
                  10 1453 1454 1455 1456 1457 1458 1459 1460 1461 748 1463 1464 749 1466 1467
                  1468 1469 1470 465 1472 1473 467 1476 1477 1478 1479 1480 1481 1482 156 157
                  1485 1486 1487 1488 1489 1490 94 158 1493 1494 1496 1499 1500 1501 472 1504
                  1505 473 253 160 1509 1510 475 1512 1513 1514 1515 1516 476 477 1520 1521 1522
                  1523 1524 478 1526 1528 1529 1530 1531 1532 752 161 64 1536 753 163 1540 1541
                  65 1543 1544 254 1546 483 1548 1549 1550 1551 1552 1553 1554 1555 484 1557 1558
                  1559 1561 1562 1563 1564 1565 485 755 1568 1569 1570 1571 1573 486 1575 1576
                  1577 1579 756 1581 487 66 1584 166 1586 757 1588 1589 1590 1591 490 1593 1594
                  1595 1596 491 1598 1599 492 1601 1602 493 758 167 1607 228 1609 255 1611 1613
                  496 1615 1616 95 1619 1620 1621 257 1624 1625 1626 1627 1628 258 1630 764 1632
                  1634 1635 1636 1637 1638 1639 765 1641 1642 1644 766 1647 1648 671 501 768 769
                  1653 1654 1655 1656 1657 503 1660 1661 771 1663 504 1665 1666 1667 169 1669
                  170 1671 1672 1673 1674 1675 507 1677 1678 1681 772 172 1684 511 1686 1687 1688
                  1689 1690 173 1692 1693 513 1695 1696 1698 1699 514 1701 515 1703 516 1705 1706
                  517 1708 1709 518 519 1713 1714 1715 1716 1718 1719 1720 1721 1722 1723 520
                  1725 1727 68 1729 1730 1 523 1734 6 1736 1737 1738 178 1740 1741 1742 682 1744
                  1745 1746 1747 527 1749 528 529 1752 1753 1754 1755 179 1757 1758 531 532 1761
                  1762 1764 1765 1766 1767 1768 1769 1770 180 1772 1773 535 181 1776 537 538 1779
                  1780 1781 1782 1783 1784 1785 1786 1787 1788 539 260 540 1792 1794 1795 182
                  1797 1798 1799 1800 7 1802 1803 543 1805 544 1807 1808 545 546 547 1813 1814
                  548 184 1817 550 551 1821 552 1823 1824 26 1826 1827 1828 1829 1830 1831 96
                  1834 1835 776 1837 1838 1839 1840 1841 555 1843 1844 1845 1846 1847 1848 1849
                  1850 1851 1852 556 1855 1856 73 1858 1859 559 777 190 778 779 1867 191 1869
                  1870 1871 1872 565 1874 1875 1876 1877 566 1879 1880 1882 1883 1884 1885 683
                  1887 568 1889 1890 1891 1892 1893 1894 1895 1896 1897 1898 1899 781 1901 1902
                  1903 1904 1905 1906 1908 1909 1910 1911 1912 783 1917 192 1919 571 1921 1922
                  1923 1924 193 573 1927 574 1929 1930 1931 1932 1933 1936 1937 575 194 1941 195
                  1944 196 1946 579 580 1949 1950 581 1952 582 1954 1955 583 197 1958 1959 1961
                  1963 1964 1966 1967 585 1970 1971 1972 198 1974 1975 1976 1977 1978 684 1980
                  1981 1982 1983 588 589 1986 1987 590 27 1990 1991 76 1993 201 594 1997 1998
                  1999 595 28 2002 2003 2005 2008 2009 2010 2012 2013 2014 2015 2016 785 2020
                  2021 2022 2023 598 2026 2027 2028 2029 2030 2031 2032 2033 2034 2035 2036 2037
                  2039 2040 2042 2 79 786 2046 787 2049 2050 788 602 264 265 2057 266 2059 605
                  267 2062 2064 2065 2066 2067 2068 2069 606 206 2072 2073 2074 2075 2076 2077
                  2078 2079 793 2081 2082 2083 2084 2085 2086 207 2088 2089 2090 2091 609 2093
                  2094 610 2096 2097 611 2099 794 613 614 2104 2105 268 2107 2108 2109 2110 2111
                  230 2113 2114 615 616 2118 2119 618 797 2122 2125 2126 2127 620 2131 2132 2133
                  2134 2135 209 210 623 2139 2140 269 625 627 2145 2146 2147 2148 628 2150 2151
                  2152 2153 2154 2155 2156 2157 799 629 2160 2161 2162 211 2164 2165 800 2167
                  631 212 2171 633 634 801 2176 2177 635 213 2182 2183 2184 2185 637 638 2188
                  2189 2190 2191 81 2193 640 802 2197 270 2199 2200 2201 641 2204 2205 2206 804
                  2208 805 2212 643 2214 97 2216 2218 2219 2220 2221 216 2223 2224 2225 646 82
                  2229 807 2232 649 2234 2236 2237 650 219 2240 652 2242 2243 2244 808 2248 686
                  2250 2251 30 2253 2254 2255 2256 656 658 810 811 2262 661 2264 2265 812 662
                  663 664 2270 2271 2272 272 2274 2275 2276 223 84 2280 85 2282 814 2284 815 2288
                  816 669 2293 2294 2295
      VDDA        99 282 325 383 510 593 828 1013 1014 1058 1115 1118 1257 1495 1640 1873 2043
                  2054 2060 2130 2261 2292 164 1836 1008 183 185 1015 450 1024 1030 457 1036 469
                  1046 1047 202 506 203 1066 512 1079 525 1093 5 1112 23 549 1144 75 1184 1193
                  578 584 1226 111 1228 1246 1256 592 235 1273 1280 1281 1282 1285 1290 50 244
                  601 607 608 1337 617 1354 1357 622 1372 1381 630 118 1402 87 1405 1412 278 1430
                  1431 1474 666 281 24 1518 1535 688 1556 291 1574 700 1612 295 716 1649 1664
                  1676 719 1685 300 738 1710 746 747 1748 1751 137 1771 1774 1789 762 1804 1812
                  1816 1818 774 775 1864 1865 321 789 790 143 1945 1957 93 1973 153 159 1994 2017
                  2024 859 2044 865 2087 367 2102 2103 888 902 2142 903 2172 2173 2192 369 947
                  2228 2233 2238 2239 969 2260 371 165 1294 1305 1343 152 505 1471 891 991 906
                  910 1542 931 1668 959 1683 17 29 560 992 997 33 101 200 1007 1868 125 1947 1979
                  381 1152 1177 2144 37 1255 2259 441 2277 2279 2281 229 238 710 759 259 262 263
                  826 844 866 877 289 932 937 974 43 1023 1026 1043 1089 123 1139 1156 1197 1229
                  1307 1322 1328 1346 431 434 1410 1429 1437 1462 1507 1545 1743 1833 186 74 1866
                  1900 2019 2055 612 624 2198 2207 642 654 2249 2283 2290 199 837 119 55 621 204
                  1390 368 1925 1926 761 1940 1953 1956 648 377 1110 657 659 1121 489 1995 2000
                  2001 852 1407 2053 680 2056 394 499 451 1171 1173 2120 400 2136 2137 2143 878
                  2159 2168 1203 135 706 707 713 1230 1231 2213 1245 720 417 2245 239 2257 2258
                  509 1275 63 2263 440 1432 1324 890 2278 2291 1284 1484 232 1332 71 745 162 1511
                  243 1534 908 1287 1342 261 944 957 1002 935 1600 1604 271 936 471 1631 1633
                  1194 1216 1254 1317 1330 1335 760 792 290 72 459 1355 1452 541 1694 542 1533
                  171 989 1608 1622 497 803 500 1652 558 1662 1364 1733 561 306 1759 1760 113
                  481 577 2080 831 2106 1778 323 2166 2175 2196 1791 1028 2230 188 222 660 2266
                  1809 817 818 820 822 825 672 829 832 833 834 276 34 35 842 279 690 846 847 280
                  850 100 853 854 856 857 283 862 863 284 867 868 692 871 875 876 881 882 885
                  886 887 288 103 38 894 292 695 696 899 900 901 293 907 296 909 297 911 298 917
                  920 921 922 926 928 929 299 40 933 301 701 940 942 945 946 704 308 309 955 310
                  236 958 961 962 312 970 972 41 975 315 979 981 987 317 993 994 996 86 998 999
                  1000 711 1003 322 44 326 1012 114 329 1022 89 333 1029 1032 1034 1035 1037 337
                  339 117 715 1048 1049 1050 1051 1053 1054 1055 343 1057 344 345 1062 717 346
                  1065 347 1067 349 1071 1072 350 1074 351 1080 1083 1084 1085 1087 1088 1090
                  13 14 48 90 1100 1101 1102 1103 1104 1105 1107 122 1109 1113 1114 1116 242 1120
                  362 1123 1124 91 1127 49 1129 1130 1132 1133 365 1135 1136 1137 1138 1141 1142
                  15 126 1146 1147 51 128 1157 1160 1161 1162 1164 130 1166 1167 1169 1170 375
                  16 1174 1176 4 1182 1185 724 1187 380 134 725 1195 1199 18 1204 1206 1207 1209
                  1211 136 1217 1219 1225 385 728 245 389 1235 1236 1238 1239 1240 1241 1244 392
                  1247 1248 1249 1251 1252 246 19 395 396 1258 397 1262 1263 1264 1266 1267 1269
                  1270 1272 138 401 1277 1278 139 140 405 141 407 1288 1291 1293 1295 1296 1297
                  411 1301 142 1303 413 414 1309 1311 1314 1315 415 1321 734 1323 144 1326 419
                  1331 1333 1334 737 422 423 426 1344 248 1349 430 739 1352 433 435 1360 1361
                  1362 436 741 1366 437 1370 1371 438 1373 1376 1378 439 149 1385 442 1392 1393
                  1396 61 1404 452 1406 1411 1414 154 1417 1418 155 458 460 1424 1426 461 1428
                  679 462 463 464 1433 1434 1439 1440 1441 1442 1444 1445 1447 1448 1449 1450
                  1451 1453 1457 1459 1463 1464 1466 1467 1468 1469 1470 465 1472 1473 466 467
                  1480 1481 1487 1490 94 1494 1503 1504 253 160 1509 475 1512 1515 1516 1517 1520
                  1523 1526 1528 1529 1530 1531 752 64 1536 1540 1541 65 254 483 1548 1552 1553
                  1554 1555 1557 1558 1560 1563 1565 485 755 1568 1569 1573 486 1575 1578 1579
                  756 487 1584 166 1586 757 1590 490 1593 1594 1595 1596 1598 1599 1601 1602 493
                  758 1607 228 1609 1611 496 1616 1619 1620 1621 257 1624 1627 1628 258 1630 1632
                  1636 1638 1639 1642 1643 766 1647 1648 671 501 768 769 1655 1657 770 503 1660
                  771 504 1666 1667 169 1669 170 1671 1672 1675 507 1677 1678 508 1680 1684 1686
                  1688 1689 1690 173 1693 513 1695 1696 1698 1699 1701 1703 516 517 1708 1709
                  1714 1715 1718 1719 1720 520 1725 68 1730 1734 1736 178 1741 1742 682 1744 1749
                  528 1753 1754 179 531 1761 533 1764 1767 1770 180 1772 1773 535 181 537 1779
                  1780 1781 1783 1785 1786 539 260 540 1792 1794 1795 182 1798 1799 7 1803 544
                  546 547 1813 184 1817 550 1819 1823 1824 1826 1827 1832 1835 1837 1841 555 1843
                  1844 1845 1847 1849 1850 1852 187 1856 73 1859 559 777 1867 1870 1872 565 1874
                  1875 1876 1877 566 1879 1880 1881 1883 568 1890 1892 1893 1894 1896 1901 1902
                  1903 1906 1908 1910 1911 1912 783 1915 1917 192 1922 1923 193 574 1930 1933
                  575 194 195 1944 196 1946 580 581 1952 1955 583 197 1958 1961 1963 1965 1966
                  1968 1971 1974 1980 1981 589 1986 1987 27 1990 76 1993 201 594 1998 1999 28
                  2002 2008 2009 2010 2011 2012 2013 597 2021 2022 2023 598 2027 2031 2032 2033
                  2035 2036 2040 2042 2 79 2046 80 787 2049 788 602 603 264 2057 2059 605 2065
                  2066 2067 2068 206 2073 2076 2078 2079 793 2081 2084 2085 2086 207 2089 2090
                  2091 609 2094 610 2097 611 2099 614 2105 2108 2109 230 616 2119 797 2123 2126
                  2128 620 2131 2135 209 2139 2140 627 2147 2148 2152 2153 2154 799 629 2161 2162
                  211 2164 2165 800 2171 2174 801 2177 635 2180 213 2185 637 638 2189 2190 81
                  2193 640 2195 802 270 2200 2201 2202 2205 2206 804 2208 805 643 2214 97 2216
                  215 2219 2225 646 2231 649 2234 2236 2237 650 219 2240 652 2242 2251 2255 656
                  221 811 2262 663 664 2270 2271 2274 2276 2282 815 2288 816
      VDNM        46 99 282 325 383 510 593 636 828 988 1013 1014 1031 1058 1115 1118 1202 1257
                  1338 1495 1640 1873 1969 2043 2054 2060 2130 2261 2292 164 340 1836 1008 418
                  183 1015 456 1024 1030 457 1036 468 469 470 1041 1046 1047 202 506 203 1066
                  512 1079 1093 1094 5 1108 1112 549 105 1143 1144 1145 75 1158 1184 110 1193
                  578 1226 111 1228 1237 1246 592 1273 1280 1281 1282 1285 1290 50 601 607 608
                  1329 1337 617 1347 1351 1354 1356 622 1372 1381 630 118 1402 87 1405 1412 644
                  278 655 1430 1431 1474 666 281 1508 1535 688 1556 291 1574 1583 1612 716 1649
                  1651 1664 1670 1676 719 1682 1685 300 738 1711 743 746 747 1748 1750 1751 137
                  1771 1789 762 763 1804 1810 1812 773 1816 775 1865 321 789 790 143 1920 334
                  1939 1945 1957 93 1973 153 159 1992 1994 2017 2024 2044 861 865 2071 2087 2101
                  2102 2103 888 2116 902 2142 903 2169 2172 2173 2186 2192 369 947 2226 2227 2228
                  2233 2239 969 2260 371 1294 1305 1343 152 480 838 505 1471 891 991 906 910 1542
                  931 1606 1668 959 1683 29 1732 560 992 997 101 200 1007 1868 1069 125 1947 1979
                  381 1152 2095 2144 37 1255 2259 441 2269 2279 2281 229 238 710 723 759 767 259
                  262 263 826 844 866 877 289 932 937 974 43 1023 1026 1043 1089 1139 1197 1229
                  1307 1322 1328 1346 431 434 1410 455 1429 1437 1462 1465 1507 1545 1567 1618
                  168 22 1743 1833 186 1866 1900 2019 2055 612 624 2207 642 654 2249 2283 2287
                  2290 199 837 1822 119 55 1853 1854 363 364 1862 1863 204 1390 368 1878 1394
                  1918 124 1925 1926 761 127 1940 1942 56 488 1948 1953 1956 377 1110 843 132
                  1985 657 489 2000 852 384 1407 2053 680 2056 2070 499 685 451 1165 1171 687
                  1173 2117 2120 1422 400 1186 402 2143 878 403 2159 2168 135 706 707 2181 713
                  2187 1230 1231 879 2213 2222 416 720 721 726 2245 2257 2258 509 1275 2263 440
                  1432 890 2278 1483 2291 1284 1484 233 251 892 1332 71 745 1511 1519 809 819
                  1534 908 870 1547 1302 939 1582 1585 1002 1592 935 1600 1604 271 936 121 471
                  1631 379 1194 522 1216 524 1254 1650 951 1659 1330 760 290 459 1355 798 1452
                  541 1694 1491 542 1537 982 171 1580 989 553 497 1724 803 500 1652 558 1662 479
                  563 306 78 1759 1763 113 481 2080 831 2106 2112 619 1778 323 2175 2196 1791
                  1382 1028 2215 2230 188 222 2266 482 189 817 818 820 821 823 824 672 827 829
                  689 832 833 834 835 276 34 35 841 842 690 845 846 847 848 280 850 851 100 853
                  854 855 856 857 858 860 283 862 863 864 284 867 868 869 692 871 872 873 693
                  287 881 883 884 885 886 887 288 889 694 38 893 695 696 899 900 901 293 904 39
                  907 296 909 297 911 912 913 914 697 298 919 920 921 922 698 924 927 928 929
                  299 40 673 933 3 701 702 940 941 304 945 946 107 949 950 704 308 309 955 310
                  311 961 962 674 964 312 313 970 971 972 975 976 977 979 980 981 983 984 985
                  986 987 317 709 990 319 42 993 994 995 996 998 999 711 1003 322 112 324 44 326
                  712 114 1016 330 1019 1020 331 1022 89 332 1027 333 12 335 1033 1034 1035 1037
                  337 117 1042 715 342 1048 1049 1051 1052 1053 1055 1057 344 345 717 347 1067
                  348 349 1072 350 1074 1075 1076 1077 1078 351 1080 352 1082 1084 1085 1086 1087
                  1088 718 1090 1092 13 14 1095 1096 48 90 1100 1101 1102 1103 1104 1106 1107
                  122 1111 359 1113 1114 360 1116 1117 1120 362 1124 91 1127 49 1129 1130 1131
                  1132 1133 1135 1136 1137 1138 722 1140 1141 15 126 1146 1147 51 1149 1150 128
                  129 1155 676 372 1159 1160 1161 1164 130 1167 1168 1169 1170 374 1174 1175 4
                  1180 1182 1183 54 724 1187 1189 1190 380 134 1195 227 1199 1200 1201 382 18
                  1205 1206 1207 1208 1209 1214 1215 727 1217 1218 1219 1220 1221 1222 1223 1224
                  1225 385 387 389 1232 1233 1235 1236 390 1238 1239 1241 1242 1243 1244 391 1249
                  393 1251 1252 1253 246 395 396 398 1262 1263 1264 1266 1267 1268 1269 1270 1272
                  399 138 401 1277 1278 1279 140 405 141 1286 1288 1289 408 1291 1293 410 1295
                  1296 1297 1298 411 1300 1301 1303 413 414 247 1308 1309 1310 1311 1313 1315
                  415 733 1319 1320 1323 144 1325 1326 419 736 58 1334 737 421 422 423 424 425
                  1344 59 428 429 1349 430 1353 432 740 435 1358 1359 1360 436 741 1366 437 1370
                  1371 438 1373 1374 1376 1377 1378 439 1380 1385 442 443 444 445 1392 1393 150
                  1397 1398 449 60 1404 452 1406 453 1408 1409 1411 1413 678 154 1417 1418 458
                  460 1425 1426 461 679 462 463 464 1433 1434 1435 1436 250 1438 1439 1440 1441
                  1442 1446 1447 1448 1449 1450 1451 10 1453 1454 1455 1457 1458 1459 1460 748
                  1463 1464 749 1466 1467 1469 1470 465 1472 1473 467 1476 1477 1478 1481 1482
                  156 1485 1489 1490 94 158 1493 1494 21 1496 1497 1499 1500 1501 1503 1505 253
                  160 1509 1510 475 1512 1513 1514 1515 1516 1517 476 477 1520 1522 1523 1524
                  478 1529 1530 1531 1532 752 161 1536 753 1538 163 1540 65 1543 1544 254 1546
                  483 1548 1550 1551 1552 1553 1554 1557 1558 1559 1560 1561 1562 1563 1564 1565
                  485 755 1568 1569 1570 1572 1573 486 1575 1576 1577 1579 756 487 1584 166 1586
                  757 1588 1589 1590 1591 490 1593 1594 1595 1596 491 1598 1599 492 1601 1602
                  493 758 167 255 496 1616 95 1619 1620 1621 257 1624 1625 1626 1628 258 1630
                  1632 498 1634 1635 1637 1638 1639 765 1642 1643 1644 1646 1647 1648 501 768
                  769 1653 1654 1655 1656 1657 770 503 1661 1663 504 1665 1666 1667 169 170 1671
                  1672 1673 1674 507 1678 508 1680 1681 772 172 1684 1687 1688 1689 173 1693 513
                  1695 1697 1698 1699 514 1701 515 1703 1705 1706 517 1708 1709 518 1712 1714
                  1715 1718 1721 1722 1723 520 1727 68 1729 1730 1 523 176 6 1737 1738 178 1740
                  1741 682 1744 1745 1746 1747 527 1749 528 529 1752 1753 1755 179 1757 1761 1762
                  1765 1767 1768 180 1772 1773 535 181 537 538 1779 1780 1781 1782 1783 1785 1787
                  1788 539 540 1793 1794 182 1798 1799 1800 1803 543 1805 544 1808 545 546 1811
                  547 1813 548 184 1817 551 552 1823 26 1826 1828 1830 1832 96 1834 1835 776 1837
                  1840 1841 555 1844 1845 1846 1847 1848 1849 1850 1852 556 187 1855 1856 1859
                  559 777 562 778 779 1867 191 1869 1870 1872 565 1874 1875 1876 1877 566 1879
                  1880 1881 1882 1883 1884 1885 683 1887 568 1889 1890 1891 1892 1893 1894 1895
                  1896 1897 1898 1899 781 1902 1903 1904 1906 1908 1909 1910 1911 1912 782 783
                  1915 1917 192 571 1922 1923 193 574 1929 1930 1931 1933 1934 575 194 1941 195
                  1944 196 1946 579 1950 581 1952 582 1954 583 197 1958 1960 1961 1963 1964 1967
                  1968 1970 1971 1972 1974 1975 684 1980 1981 589 1986 27 1990 1991 76 1993 201
                  594 595 28 2002 2005 2007 2009 2010 2011 2013 2014 2015 597 785 2020 2021 2022
                  2025 2026 2031 2032 2034 2037 2038 2039 2040 2041 2 79 786 2046 787 2049 2050
                  2051 788 602 603 264 265 2057 266 2059 605 267 2062 2065 2066 2067 2068 606
                  2073 2074 2075 2076 2078 2079 2081 2082 2084 2085 2086 2089 2091 609 2094 610
                  2097 611 613 614 2104 268 2107 2108 2110 2111 230 2113 2114 615 2118 2119 797
                  2122 2125 2126 2127 2129 620 2131 2132 2133 2134 2135 623 2139 2140 269 626
                  627 2146 2147 2148 2151 2152 2153 2154 799 629 2161 2162 2165 800 631 212 2171
                  633 634 801 213 2183 637 638 2188 2189 81 2193 640 2195 2197 270 2200 2201 2202
                  641 2205 2206 804 2208 2209 805 2212 2214 97 215 2218 2219 2220 2221 216 2223
                  2224 2225 646 82 2229 807 2231 2232 649 2234 2235 2236 650 2240 652 2243 2244
                  808 2248 2250 2251 30 2253 2254 2255 658 810 661 812 662 663 664 2270 2271 2272
                  272 2274 2275 2276 665 223 2280 814 815 816 669 670
      VDS7        46 77 99 131 174 175 214 218 220 234 282 325 383 447 510 557 586 593 596 632
                  705 729 784 828 840 953 956 988 1004 1009 1013 1014 1017 1021 1031 1039 1058
                  1064 1115 1118 1128 1202 1257 1304 1316 1318 1327 1338 1399 1416 1423 1495 1566
                  1640 1679 1691 1707 1731 1739 1756 1873 1914 1969 2043 2054 2060 2115 2130 2203
                  2261 2292 164 67 1836 1015 450 1030 457 468 469 1041 1046 1047 202 506 1060
                  203 1066 525 1093 5 549 1143 1145 75 1158 47 1184 110 1226 111 1237 1256 235
                  1273 1274 1280 1281 1282 1285 50 600 601 1329 1339 1354 1356 644 1474 668 688
                  291 1574 295 716 1649 1670 1676 1700 305 314 738 1710 1711 743 746 1748 1751
                  137 1771 1775 762 763 1804 1810 1812 1816 1864 1865 789 790 1945 1957 355 1992
                  2024 2044 865 2071 2087 367 2101 888 2116 2141 2142 903 2169 2172 2186 369 2210
                  2228 2238 2239 2241 2260 1294 1305 147 1343 152 505 991 906 910 1542 521 1606
                  943 959 17 29 1732 1005 992 327 101 200 1868 1069 125 1979 381 675 2047 1177
                  2121 2144 37 1255 441 229 238 710 759 259 262 263 826 866 877 289 932 960 974
                  43 1023 1026 341 1139 1197 1307 1322 1328 431 434 1365 1410 1429 1437 1462 1465
                  1507 1545 1567 1587 1610 168 22 1743 1833 186 1866 1900 569 2019 2055 604 2061
                  624 2158 2198 2207 642 654 2249 2273 2283 2287 2290 55 364 1390 368 1878 1068
                  1925 1926 761 127 56 647 648 1985 659 2000 2001 494 2056 2070 451 1165 1171
                  1421 400 2136 2138 2143 2159 2168 135 2181 2187 879 720 721 726 239 2257 509
                  1275 63 1324 1484 819 1287 1342 923 939 944 307 1582 934 318 1585 1592 121 1119
                  471 1633 379 1254 1330 760 290 795 459 1355 541 1694 542 171 1580 1605 1622
                  1724 803 1662 1733 1790 479 563 561 2048 577 2080 2112 1778 2166 2175 1382 2215
                  188 222 2266 231 832 834 34 280 864 691 872 285 288 896 917 919 924 928 40 3
                  702 946 950 308 955 961 965 990 998 322 44 1012 329 1018 1022 89 332 1032 336
                  342 1048 1050 1053 1054 343 1062 1065 1077 1078 1080 1086 718 1092 48 122 1109
                  358 1111 359 1113 362 1123 1124 1127 49 1129 126 1147 51 128 1153 1155 676 1157
                  372 130 375 1175 4 1178 1180 1187 1188 1199 1204 1208 1209 1210 1219 387 388
                  389 1233 1235 1241 1244 1251 1252 1253 246 397 1262 1263 1269 1272 399 401 1277
                  1278 1279 139 141 1286 407 1297 1298 411 1303 1306 1308 1309 1312 1315 144 145
                  735 1341 59 248 1349 1358 1363 437 1368 1369 438 1374 1377 439 148 445 446 1391
                  1393 1397 60 452 742 1411 678 1417 458 460 1434 1442 1443 1447 1449 1451 1453
                  1454 1456 1469 1472 1473 466 1480 1481 156 1486 1488 1498 1504 475 1517 1522
                  1524 1527 752 1540 254 1549 1551 1560 1563 1565 1573 486 1576 1581 66 1590 1599
                  1601 1603 493 167 95 1621 1625 1627 1628 258 764 498 1638 765 1642 1647 501
                  503 170 1678 1680 1684 1687 1701 515 1715 1721 1722 176 178 1747 529 1753 532
                  533 1764 1768 1769 1770 537 538 1783 539 182 1799 1800 7 543 1807 545 547 1817
                  1827 1830 96 1834 1837 1838 1844 1849 1850 187 190 562 778 565 1874 1883 1890
                  1892 1895 1898 1899 1903 1905 1907 1912 782 1916 1919 1921 1927 1929 1931 1932
                  1934 1935 1936 1937 194 1941 579 197 1964 198 1976 1980 1981 1983 589 1990 76
                  595 2002 2004 2006 2007 2010 2013 2020 2021 2026 2033 2035 2039 2042 2 787 2051
                  788 2064 2076 2078 2088 2093 2094 2097 611 2100 2108 230 208 2119 797 2129 620
                  2131 2133 2140 2146 2150 2155 2156 2157 2160 2165 2167 212 2170 2174 2178 2180
                  2182 2184 2185 637 2189 2190 2191 270 2200 2204 2209 805 2216 82 2229 807 2234
                  2236 2244 2247 2254 2256 811 662 663 2271 2272 2274 2275 2276 814 2286 669 2293
      VDDR        1015 450 1030 457 468 470 1046 202 506 203 525 1094 1145 75 47 1237 1274 1280
                  1281 1339 1348 1354 1372 118 1402 87 1412 278 1474 666 281 668 1508 688 1583
                  295 1664 719 1685 314 747 1751 137 1774 1804 1810 1865 334 355 1994 2024 2102
                  2103 888 2149 2226 2239 969 2260 371 1294 57 1305 1336 147 406 1343 152 505
                  991 895 906 1525 910 1542 930 943 959 1683 29 1732 1005 992 33 327 101 200 1868
                  1069 125 1979 133 675 2047 2144 37 1255 441 2277 2279 229 238 710 723 759 259
                  262 263 826 866 877 289 897 932 974 1023 341 1089 1139 1197 1307 1322 1328 434
                  1365 1410 455 1429 1437 1462 1507 1545 22 1743 1866 1900 2019 2055 624 2198
                  642 654 2249 2283 2290 1820 2001 1407 451 1165 878 2245 1511 243 923 307 1010
                  1604 936 1119 1216 1330 502 1790 479 78 2112 2175 222 2266 825 884 38 977 709
                  333 337 366 16 134 140 408 465 1552 1595 498 1637 765 1681 172 1737 1773 1782
                  1831 1874 195 1946 2118 2183 807 2248 656

*** WARNING
  Data set contains cases with missing on all variables.
  These cases were not included in the analysis.
  Number of cases with missing on all variables:  298
   6 WARNING(S) FOUND IN THE INPUT INSTRUCTIONS




SUMMARY OF ANALYSIS

Number of groups                                                 1
Number of observations                                        7627

Number of dependent variables                                    5
Number of independent variables                                  0
Number of continuous latent variables                            1

Observed dependent variables

  Continuous
   VDDR

  Binary and ordered categorical (ordinal)
   VDBC        VDDA        VDNM        VDS7

Continuous latent variables
   GCP

Variables with special functions

  Cluster variable      MPLUSID

Estimator                                                      MLR
Information matrix                                        OBSERVED
Optimization Specifications for the Quasi-Newton Algorithm for
Continuous Outcomes
  Maximum number of iterations                                 100
  Convergence criterion                                  0.100D-05
Optimization Specifications for the EM Algorithm
  Maximum number of iterations                                 500
  Convergence criteria
    Loglikelihood change                                 0.100D-02
    Relative loglikelihood change                        0.100D-05
    Derivative                                           0.100D-02
Optimization Specifications for the M step of the EM Algorithm for
Categorical Latent variables
  Number of M step iterations                                    1
  M step convergence criterion                           0.100D-02
  Basis for M step termination                           ITERATION
Optimization Specifications for the M step of the EM Algorithm for
Censored, Binary or Ordered Categorical (Ordinal), Unordered
Categorical (Nominal) and Count Outcomes
  Number of M step iterations                                    1
  M step convergence criterion                           0.100D-02
  Basis for M step termination                           ITERATION
  Maximum value for logit thresholds                            10
  Minimum value for logit thresholds                           -10
  Minimum expected cell size for chi-square              0.100D-01
Maximum number of iterations for H1                           2000
Convergence criterion for H1                             0.100D-03
Optimization algorithm                                         EMA
Integration Specifications
  Type                                                    STANDARD
  Number of integration points                                  15
  Dimensions of numerical integration                            1
  Adaptive quadrature                                           ON
Link                                                        PROBIT
Cholesky                                                        ON

Input data file(s)
  model3_baselinemeanstructure_0d538146f11bc40eb8c2831ec41188b5.dat
Input data format  FREE


SUMMARY OF DATA

     Number of missing data patterns            23
     Number of y missing data patterns           2
     Number of u missing data patterns          14
     Number of clusters                       2295



COVARIANCE COVERAGE OF DATA

Minimum covariance coverage value   0.100


     PROPORTION OF DATA PRESENT


           Covariance Coverage
              VDBC          VDDA          VDNM          VDS7          VDDR
              ________      ________      ________      ________      ________
 VDBC           0.954
 VDDA           0.948         0.958
 VDNM           0.869         0.873         0.876
 VDS7           0.771         0.771         0.725         0.773
 VDDR           0.949         0.951         0.871         0.770         0.993


     PROPORTION OF DATA PRESENT FOR U


           Covariance Coverage
              VDBC          VDDA          VDNM          VDS7
              ________      ________      ________      ________
 VDBC           0.954
 VDDA           0.948         0.958
 VDNM           0.869         0.873         0.876
 VDS7           0.771         0.771         0.725         0.773


     PROPORTION OF DATA PRESENT FOR Y


           Covariance Coverage
              VDDR
              ________
 VDDR           0.993


UNIVARIATE PROPORTIONS AND COUNTS FOR CATEGORICAL VARIABLES

    VDBC
      Category 1    0.044          320.000
      Category 2    0.956         6954.000
    VDDA
      Category 1    0.006           44.000
      Category 2    0.018          134.000
      Category 3    0.156         1136.000
      Category 4    0.820         5989.000
    VDNM
      Category 1    0.019          130.000
      Category 2    0.107          716.000
      Category 3    0.873         5834.000
    VDS7
      Category 1    0.027          158.000
      Category 2    0.105          621.000
      Category 3    0.108          639.000
      Category 4    0.091          537.000
      Category 5    0.144          849.000
      Category 6    0.524         3091.000



UNIVARIATE SAMPLE STATISTICS


     UNIVARIATE HIGHER-ORDER MOMENT DESCRIPTIVE STATISTICS

         Variable/         Mean/     Skewness/   Minimum/ % with                Percentiles
        Sample Size      Variance    Kurtosis    Maximum  Min/Max      20%/60%    40%/80%    Median

     VDDR                  3.832      -0.108       0.000   11.91%       2.000      3.000      4.000
            7572.000       4.654      -0.350      10.000    0.46%       5.000      6.000


THE MODEL ESTIMATION TERMINATED NORMALLY



MODEL FIT INFORMATION

Number of Free Parameters                       17

Loglikelihood

          H0 Value                      -32634.959
          H0 Scaling Correction Factor      1.2327
            for MLR

Information Criteria

          Akaike (AIC)                   65303.917
          Bayesian (BIC)                 65421.888
          Sample-Size Adjusted BIC       65367.866
            (n* = (n + 2) / 24)



MODEL RESULTS

                                                    Two-Tailed
                    Estimate       S.E.  Est./S.E.    P-Value

Within Level

 GCP      BY
    VDDR               1.216      0.000    999.000    999.000
    VDBC               0.767      0.087      8.819      0.000
    VDDA               0.635      0.054     11.700      0.000
    VDNM               0.956      0.086     11.115      0.000
    VDS7               0.511      0.051     10.023      0.000

 Variances
    GCP                0.784      0.069     11.385      0.000

 Residual Variances
    VDDR               3.496      0.112     31.248      0.000

Between Level

 Means
    VDDR               3.817      0.000    999.000    999.000

 Thresholds
    VDBC$1            -2.030      0.066    -30.882      0.000
    VDDA$1            -2.901      0.075    -38.875      0.000
    VDDA$2            -2.244      0.044    -50.715      0.000
    VDDA$3            -1.018      0.025    -40.220      0.000
    VDNM$1            -2.639      0.084    -31.507      0.000
    VDNM$2            -1.413      0.051    -27.972      0.000
    VDS7$1            -2.042      0.043    -47.972      0.000
    VDS7$2            -1.151      0.026    -43.978      0.000
    VDS7$3            -0.703      0.023    -30.976      0.000
    VDS7$4            -0.410      0.023    -18.200      0.000
    VDS7$5            -0.003      0.023     -0.133      0.894


QUALITY OF NUMERICAL RESULTS

     Condition Number for the Information Matrix              0.450E-03
       (ratio of smallest to largest eigenvalue)


RESULTS IN PROBABILITY SCALE

                    Estimate

Within Level


Between Level

 VDBC
    Category 1         0.047
    Category 2         0.953
 VDDA
    Category 1         0.006
    Category 2         0.019
    Category 3         0.162
    Category 4         0.813
 VDNM
    Category 1         0.022
    Category 2         0.118
    Category 3         0.860
 VDS7
    Category 1         0.031
    Category 2         0.116
    Category 3         0.114
    Category 4         0.093
    Category 5         0.145
    Category 6         0.501


MODEL COMMAND WITH FINAL ESTIMATES USED AS STARTING VALUES

     %WITHIN%

     gcp BY vddr@1.21600;
     gcp BY vdbc*0.76700;
     gcp BY vdda*0.63478;
     gcp BY vdnm*0.95614;
     gcp BY vds7*0.51073;

     vddr*3.49571;
     gcp*0.78393;

     %BETWEEN%

     [ vddr@3.81700 ];

     [ vdbc$1*-2.02971 ];
     [ vdda$1*-2.90127 ];
     [ vdda$2*-2.24436 ];
     [ vdda$3*-1.01849 ];
     [ vdnm$1*-2.63925 ];
     [ vdnm$2*-1.41296 ];
     [ vds7$1*-2.04177 ];
     [ vds7$2*-1.15101 ];
     [ vds7$3*-0.70330 ];
     [ vds7$4*-0.41019 ];
     [ vds7$5*-0.00304 ];



TECHNICAL 4 OUTPUT


     ESTIMATES DERIVED FROM THE MODEL FOR WITHIN LEVEL


           ESTIMATED MEANS FOR THE LATENT VARIABLES
              GCP
              ________
                0.000


           S.E. FOR ESTIMATED MEANS FOR THE LATENT VARIABLES
              GCP
              ________
                0.000


           EST./S.E. FOR ESTIMATED MEANS FOR THE LATENT VARIABLES
              GCP
              ________
                0.000


           TWO-TAILED P-VALUE FOR ESTIMATED MEANS FOR THE LATENT VARIABLES
              GCP
              ________
                1.000


           ESTIMATED COVARIANCE MATRIX FOR THE LATENT VARIABLES
              GCP
              ________
 GCP            0.784


           S.E. FOR ESTIMATED COVARIANCE MATRIX FOR THE LATENT VARIABLES
              GCP
              ________
 GCP            0.069


           EST./S.E. FOR ESTIMATED COVARIANCE MATRIX FOR THE LATENT VARIABLES
              GCP
              ________
 GCP           11.385


           TWO-TAILED P-VALUE FOR ESTIMATED COVARIANCE MATRIX FOR THE LATENT VARIABLES
              GCP
              ________
 GCP            0.000


           ESTIMATED CORRELATION MATRIX FOR THE LATENT VARIABLES
              GCP
              ________
 GCP            1.000


           S.E. FOR ESTIMATED CORRELATION MATRIX FOR THE LATENT VARIABLES
              GCP
              ________
 GCP            0.000


           EST./S.E. FOR ESTIMATED CORRELATION MATRIX FOR THE LATENT VARIABLES
              GCP
              ________
 GCP          999.000


           TWO-TAILED P-VALUE FOR ESTIMATED CORRELATION MATRIX FOR THE LATENT VARIABLES
              GCP
              ________
 GCP            0.000


     ESTIMATES DERIVED FROM THE MODEL FOR BETWEEN LEVEL


           ESTIMATED MEANS FOR THE LATENT VARIABLES
              GCP
              ________
                0.000


           S.E. FOR ESTIMATED MEANS FOR THE LATENT VARIABLES
              GCP
              ________
                0.000


           EST./S.E. FOR ESTIMATED MEANS FOR THE LATENT VARIABLES
              GCP
              ________
                0.000


           TWO-TAILED P-VALUE FOR ESTIMATED MEANS FOR THE LATENT VARIABLES
              GCP
              ________
                1.000


           ESTIMATED COVARIANCE MATRIX FOR THE LATENT VARIABLES
              GCP
              ________
 GCP            0.000


           S.E. FOR ESTIMATED COVARIANCE MATRIX FOR THE LATENT VARIABLES
              GCP
              ________
 GCP            0.000


           EST./S.E. FOR ESTIMATED COVARIANCE MATRIX FOR THE LATENT VARIABLES
              GCP
              ________
 GCP            0.000


           TWO-TAILED P-VALUE FOR ESTIMATED COVARIANCE MATRIX FOR THE LATENT VARIABLES
              GCP
              ________
 GCP            1.000


           ESTIMATED CORRELATION MATRIX FOR THE LATENT VARIABLES
              GCP
              ________
 GCP          999.000


           S.E. FOR ESTIMATED CORRELATION MATRIX FOR THE LATENT VARIABLES
              GCP
              ________
 GCP            0.000


           EST./S.E. FOR ESTIMATED CORRELATION MATRIX FOR THE LATENT VARIABLES
              GCP
              ________
 GCP          999.000


           TWO-TAILED P-VALUE FOR ESTIMATED CORRELATION MATRIX FOR THE LATENT VARIABLES
              GCP
              ________
 GCP            0.000


     Beginning Time:  17:06:02
        Ending Time:  17:06:12
       Elapsed Time:  00:00:10



MUTHEN & MUTHEN
3463 Stoner Ave.
Los Angeles, CA  90066

Tel: (310) 391-9971
Fax: (310) 391-8971
Web: www.StatModel.com
Support: Support@StatModel.com

Copyright (c) 1998-2023 Muthen & Muthen
